app/build/intermediates/manifest_merge_blame_file/debug/manifest-merger-blame-debug-report.txt
1<?xml version="1.0" encoding="utf-8"?>
2<manifest xmlns:android="http://schemas.android.com/apk/res/android"
3    package="mobile.computing.group5.moneytracker"
4    android:versionCode="1"
5    android:versionName="1.0" >
6
7    <uses-sdk
8        android:minSdkVersion="15"
8-->src\main\AndroidManifest.xml
9        android:targetSdkVersion="29" />
9-->src\main\AndroidManifest.xml
10
11    <uses-permission android:name="android.permission.ACCESS_COARSE_LOCATION" />
11-->src\main\AndroidManifest.xml:5:5-81
11-->src\main\AndroidManifest.xml:5:22-78
12    <uses-permission android:name="android.permission.ACCESS_FINE_LOCATION" />
12-->src\main\AndroidManifest.xml:6:5-79
12-->src\main\AndroidManifest.xml:6:22-76
13    <uses-permission android:name="android.permission.CAMERA" />
13-->src\main\AndroidManifest.xml:7:5-65
13-->src\main\AndroidManifest.xml:7:22-62
14
15    <!-- Include required permissions for Google Maps API to run. -->
16    <uses-permission android:name="android.permission.ACCESS_NETWORK_STATE" />
16-->[com.google.android.gms:play-services-maps:16.1.0] AndroidManifest.xml:23:5-79
16-->[com.google.android.gms:play-services-maps:16.1.0] AndroidManifest.xml:23:22-76
17    <uses-permission android:name="android.permission.INTERNET" />
17-->[com.google.android.gms:play-services-maps:16.1.0] AndroidManifest.xml:24:5-67
17-->[com.google.android.gms:play-services-maps:16.1.0] AndroidManifest.xml:24:22-64
18
19    <uses-feature
19-->[com.google.android.gms:play-services-maps:16.1.0] AndroidManifest.xml:26:5-28:35
20        android:glEsVersion="0x00020000"
20-->[com.google.android.gms:play-services-maps:16.1.0] AndroidManifest.xml:27:9-41
21        android:required="true" />
21-->[com.google.android.gms:play-services-maps:16.1.0] AndroidManifest.xml:28:9-32
22
23    <application
23-->src\main\AndroidManifest.xml:9:5-24:19
24        android:allowBackup="true"
24-->src\main\AndroidManifest.xml:10:9-35
25        android:appComponentFactory="androidx.core.app.CoreComponentFactory"
25-->[androidx.core:core:1.2.0] AndroidManifest.xml:24:18-86
26        android:debuggable="true"
27        android:icon="@mipmap/app_logo"
27-->src\main\AndroidManifest.xml:11:9-40
28        android:label="@string/app_name"
28-->src\main\AndroidManifest.xml:12:9-41
29        android:roundIcon="@mipmap/app_logo"
29-->src\main\AndroidManifest.xml:13:9-45
30        android:supportsRtl="true"
30-->src\main\AndroidManifest.xml:14:9-35
31        android:testOnly="true"
32        android:theme="@style/AppTheme" >
32-->src\main\AndroidManifest.xml:15:9-40
33        <activity
33-->src\main\AndroidManifest.xml:16:9-23:20
34            android:name="mobile.computing.group5.moneytracker.MainActivity"
34-->src\main\AndroidManifest.xml:16:19-47
35            android:windowSoftInputMode="adjustPan" >
35-->src\main\AndroidManifest.xml:17:13-52
36            <intent-filter>
36-->src\main\AndroidManifest.xml:18:13-22:29
37                <action android:name="android.intent.action.MAIN" />
37-->src\main\AndroidManifest.xml:19:17-69
37-->src\main\AndroidManifest.xml:19:25-66
38
39                <category android:name="android.intent.category.LAUNCHER" />
39-->src\main\AndroidManifest.xml:21:17-77
39-->src\main\AndroidManifest.xml:21:27-74
40            </intent-filter>
41        </activity>
42        <!-- Needs to be explicitly declared on P+ -->
43        <uses-library
43-->[com.google.android.gms:play-services-maps:16.1.0] AndroidManifest.xml:33:9-35:40
44            android:name="org.apache.http.legacy"
44-->[com.google.android.gms:play-services-maps:16.1.0] AndroidManifest.xml:34:13-50
45            android:required="false" />
45-->[com.google.android.gms:play-services-maps:16.1.0] AndroidManifest.xml:35:13-37
46
47        <activity
47-->[com.google.android.gms:play-services-base:17.0.0] AndroidManifest.xml:23:9-26:75
48            android:name="com.google.android.gms.common.api.GoogleApiActivity"
48-->[com.google.android.gms:play-services-base:17.0.0] AndroidManifest.xml:24:13-79
49            android:exported="false"
49-->[com.google.android.gms:play-services-base:17.0.0] AndroidManifest.xml:25:13-37
50            android:theme="@android:style/Theme.Translucent.NoTitleBar" />
50-->[com.google.android.gms:play-services-base:17.0.0] AndroidManifest.xml:26:13-72
51
52        <meta-data
52-->[com.google.android.gms:play-services-basement:17.0.0] AndroidManifest.xml:23:9-25:69
53            android:name="com.google.android.gms.version"
53-->[com.google.android.gms:play-services-basement:17.0.0] AndroidManifest.xml:24:13-58
54            android:value="@integer/google_play_services_version" />
54-->[com.google.android.gms:play-services-basement:17.0.0] AndroidManifest.xml:25:13-66
55
56        <provider
56-->[androidx.lifecycle:lifecycle-process:2.2.0] AndroidManifest.xml:25:9-29:43
57            android:name="androidx.lifecycle.ProcessLifecycleOwnerInitializer"
57-->[androidx.lifecycle:lifecycle-process:2.2.0] AndroidManifest.xml:26:13-79
58            android:authorities="mobile.computing.group5.moneytracker.lifecycle-process"
58-->[androidx.lifecycle:lifecycle-process:2.2.0] AndroidManifest.xml:27:13-69
59            android:exported="false"
59-->[androidx.lifecycle:lifecycle-process:2.2.0] AndroidManifest.xml:28:13-37
60            android:multiprocess="true" />
60-->[androidx.lifecycle:lifecycle-process:2.2.0] AndroidManifest.xml:29:13-40
61    </application>
62
63</manifest>